[2025-11-09 14:14:27] production.ERROR: The /home/roshdy/Work/projects/DEVFLOW_PRO/bootstrap/cache directory must be present and writable. {"exception":"[object] (Exception(code: 0): The /home/roshdy/Work/projects/DEVFLOW_PRO/bootstrap/cache directory must be present and writable. at /home/roshdy/Work/projects/DEVFLOW_PRO/vendor/laravel/framework/src/Illuminate/Foundation/PackageManifest.php:179)
[stacktrace]
#0 /home/roshdy/Work/projects/DEVFLOW_PRO/vendor/laravel/framework/src/Illuminate/Foundation/PackageManifest.php(132): Illuminate\\Foundation\\PackageManifest->write()
#1 /home/roshdy/Work/projects/DEVFLOW_PRO/vendor/laravel/framework/src/Illuminate/Foundation/PackageManifest.php(108): Illuminate\\Foundation\\PackageManifest->build()
#2 /home/roshdy/Work/projects/DEVFLOW_PRO/vendor/laravel/framework/src/Illuminate/Foundation/PackageManifest.php(90): Illuminate\\Foundation\\PackageManifest->getManifest()
#3 /home/roshdy/Work/projects/DEVFLOW_PRO/vendor/laravel/framework/src/Illuminate/Foundation/PackageManifest.php(79): Illuminate\\Foundation\\PackageManifest->config()
#4 /home/roshdy/Work/projects/DEVFLOW_PRO/vendor/laravel/framework/src/Illuminate/Foundation/Bootstrap/RegisterFacades.php(26): Illuminate\\Foundation\\PackageManifest->aliases()
#5 /home/roshdy/Work/projects/DEVFLOW_PRO/vendor/laravel/framework/src/Illuminate/Foundation/Application.php(342): Illuminate\\Foundation\\Bootstrap\\RegisterFacades->bootstrap()
#6 /home/roshdy/Work/projects/DEVFLOW_PRO/vendor/laravel/framework/src/Illuminate/Foundation/Console/Kernel.php(473): Illuminate\\Foundation\\Application->bootstrapWith()
#7 /home/roshdy/Work/projects/DEVFLOW_PRO/vendor/laravel/framework/src/Illuminate/Foundation/Console/Kernel.php(195): Illuminate\\Foundation\\Console\\Kernel->bootstrap()
#8 /home/roshdy/Work/projects/DEVFLOW_PRO/artisan(12): Illuminate\\Foundation\\Console\\Kernel->handle()
#9 {main}
"} 
[2025-11-09 14:14:34] production.ERROR: Please provide a valid cache path. {"exception":"[object] (InvalidArgumentException(code: 0): Please provide a valid cache path. at /home/roshdy/Work/projects/DEVFLOW_PRO/vendor/laravel/framework/src/Illuminate/View/Compilers/Compiler.php:75)
[stacktrace]
#0 /home/roshdy/Work/projects/DEVFLOW_PRO/vendor/laravel/framework/src/Illuminate/View/ViewServiceProvider.php(97): Illuminate\\View\\Compilers\\Compiler->__construct()
#1 /home/roshdy/Work/projects/DEVFLOW_PRO/vendor/laravel/framework/src/Illuminate/Container/Container.php(1154): Illuminate\\View\\ViewServiceProvider->Illuminate\\View\\{closure}()
#2 /home/roshdy/Work/projects/DEVFLOW_PRO/vendor/laravel/framework/src/Illuminate/Container/Container.php(972): Illuminate\\Container\\Container->build()
#3 /home/roshdy/Work/projects/DEVFLOW_PRO/vendor/laravel/framework/src/Illuminate/Foundation/Application.php(1078): Illuminate\\Container\\Container->resolve()
#4 /home/roshdy/Work/projects/DEVFLOW_PRO/vendor/laravel/framework/src/Illuminate/Container/Container.php(903): Illuminate\\Foundation\\Application->resolve()
#5 /home/roshdy/Work/projects/DEVFLOW_PRO/vendor/laravel/framework/src/Illuminate/Foundation/Application.php(1058): Illuminate\\Container\\Container->make()
#6 /home/roshdy/Work/projects/DEVFLOW_PRO/vendor/laravel/framework/src/Illuminate/Container/Container.php(1856): Illuminate\\Foundation\\Application->make()
#7 /home/roshdy/Work/projects/DEVFLOW_PRO/vendor/laravel/framework/src/Illuminate/Support/Facades/Facade.php(240): Illuminate\\Container\\Container->offsetGet()
#8 /home/roshdy/Work/projects/DEVFLOW_PRO/vendor/laravel/framework/src/Illuminate/Support/Facades/Facade.php(211): Illuminate\\Support\\Facades\\Facade::resolveFacadeInstance()
#9 /home/roshdy/Work/projects/DEVFLOW_PRO/vendor/laravel/framework/src/Illuminate/Support/Facades/Facade.php(357): Illuminate\\Support\\Facades\\Facade::getFacadeRoot()
#10 /home/roshdy/Work/projects/DEVFLOW_PRO/vendor/livewire/livewire/src/Mechanisms/FrontendAssets/FrontendAssets.php(30): Illuminate\\Support\\Facades\\Facade::__callStatic()
#11 /home/roshdy/Work/projects/DEVFLOW_PRO/vendor/livewire/livewire/src/LivewireServiceProvider.php(77): Livewire\\Mechanisms\\FrontendAssets\\FrontendAssets->boot()
#12 /home/roshdy/Work/projects/DEVFLOW_PRO/vendor/livewire/livewire/src/LivewireServiceProvider.php(19): Livewire\\LivewireServiceProvider->bootMechanisms()
#13 /home/roshdy/Work/projects/DEVFLOW_PRO/vendor/laravel/framework/src/Illuminate/Container/BoundMethod.php(36): Livewire\\LivewireServiceProvider->boot()
#14 /home/roshdy/Work/projects/DEVFLOW_PRO/vendor/laravel/framework/src/Illuminate/Container/Util.php(43): Illuminate\\Container\\BoundMethod::Illuminate\\Container\\{closure}()
#15 /home/roshdy/Work/projects/DEVFLOW_PRO/vendor/laravel/framework/src/Illuminate/Container/BoundMethod.php(96): Illuminate\\Container\\Util::unwrapIfClosure()
#16 /home/roshdy/Work/projects/DEVFLOW_PRO/vendor/laravel/framework/src/Illuminate/Container/BoundMethod.php(35): Illuminate\\Container\\BoundMethod::callBoundMethod()
#17 /home/roshdy/Work/projects/DEVFLOW_PRO/vendor/laravel/framework/src/Illuminate/Container/Container.php(836): Illuminate\\Container\\BoundMethod::call()
#18 /home/roshdy/Work/projects/DEVFLOW_PRO/vendor/laravel/framework/src/Illuminate/Foundation/Application.php(1151): Illuminate\\Container\\Container->call()
#19 /home/roshdy/Work/projects/DEVFLOW_PRO/vendor/laravel/framework/src/Illuminate/Foundation/Application.php(1132): Illuminate\\Foundation\\Application->bootProvider()
#20 [internal function]: Illuminate\\Foundation\\Application->Illuminate\\Foundation\\{closure}()
#21 /home/roshdy/Work/projects/DEVFLOW_PRO/vendor/laravel/framework/src/Illuminate/Foundation/Application.php(1131): array_walk()
#22 /home/roshdy/Work/projects/DEVFLOW_PRO/vendor/laravel/framework/src/Illuminate/Foundation/Bootstrap/BootProviders.php(17): Illuminate\\Foundation\\Application->boot()
#23 /home/roshdy/Work/projects/DEVFLOW_PRO/vendor/laravel/framework/src/Illuminate/Foundation/Application.php(342): Illuminate\\Foundation\\Bootstrap\\BootProviders->bootstrap()
#24 /home/roshdy/Work/projects/DEVFLOW_PRO/vendor/laravel/framework/src/Illuminate/Foundation/Console/Kernel.php(473): Illuminate\\Foundation\\Application->bootstrapWith()
#25 /home/roshdy/Work/projects/DEVFLOW_PRO/vendor/laravel/framework/src/Illuminate/Foundation/Console/Kernel.php(195): Illuminate\\Foundation\\Console\\Kernel->bootstrap()
#26 /home/roshdy/Work/projects/DEVFLOW_PRO/artisan(12): Illuminate\\Foundation\\Console\\Kernel->handle()
#27 {main}
"} 
[2025-11-09 14:15:34] local.ERROR: Please provide a valid cache path. {"exception":"[object] (InvalidArgumentException(code: 0): Please provide a valid cache path. at /home/roshdy/Work/projects/DEVFLOW_PRO/vendor/laravel/framework/src/Illuminate/View/Compilers/Compiler.php:75)
[stacktrace]
#0 /home/roshdy/Work/projects/DEVFLOW_PRO/vendor/laravel/framework/src/Illuminate/View/ViewServiceProvider.php(97): Illuminate\\View\\Compilers\\Compiler->__construct()
#1 /home/roshdy/Work/projects/DEVFLOW_PRO/vendor/laravel/framework/src/Illuminate/Container/Container.php(1154): Illuminate\\View\\ViewServiceProvider->Illuminate\\View\\{closure}()
#2 /home/roshdy/Work/projects/DEVFLOW_PRO/vendor/laravel/framework/src/Illuminate/Container/Container.php(972): Illuminate\\Container\\Container->build()
#3 /home/roshdy/Work/projects/DEVFLOW_PRO/vendor/laravel/framework/src/Illuminate/Foundation/Application.php(1078): Illuminate\\Container\\Container->resolve()
#4 /home/roshdy/Work/projects/DEVFLOW_PRO/vendor/laravel/framework/src/Illuminate/Container/Container.php(903): Illuminate\\Foundation\\Application->resolve()
#5 /home/roshdy/Work/projects/DEVFLOW_PRO/vendor/laravel/framework/src/Illuminate/Foundation/Application.php(1058): Illuminate\\Container\\Container->make()
#6 /home/roshdy/Work/projects/DEVFLOW_PRO/vendor/laravel/framework/src/Illuminate/Container/Container.php(1856): Illuminate\\Foundation\\Application->make()
#7 /home/roshdy/Work/projects/DEVFLOW_PRO/vendor/laravel/framework/src/Illuminate/Support/Facades/Facade.php(240): Illuminate\\Container\\Container->offsetGet()
#8 /home/roshdy/Work/projects/DEVFLOW_PRO/vendor/laravel/framework/src/Illuminate/Support/Facades/Facade.php(211): Illuminate\\Support\\Facades\\Facade::resolveFacadeInstance()
#9 /home/roshdy/Work/projects/DEVFLOW_PRO/vendor/laravel/framework/src/Illuminate/Support/Facades/Facade.php(357): Illuminate\\Support\\Facades\\Facade::getFacadeRoot()
#10 /home/roshdy/Work/projects/DEVFLOW_PRO/vendor/livewire/livewire/src/Mechanisms/FrontendAssets/FrontendAssets.php(30): Illuminate\\Support\\Facades\\Facade::__callStatic()
#11 /home/roshdy/Work/projects/DEVFLOW_PRO/vendor/livewire/livewire/src/LivewireServiceProvider.php(77): Livewire\\Mechanisms\\FrontendAssets\\FrontendAssets->boot()
#12 /home/roshdy/Work/projects/DEVFLOW_PRO/vendor/livewire/livewire/src/LivewireServiceProvider.php(19): Livewire\\LivewireServiceProvider->bootMechanisms()
#13 /home/roshdy/Work/projects/DEVFLOW_PRO/vendor/laravel/framework/src/Illuminate/Container/BoundMethod.php(36): Livewire\\LivewireServiceProvider->boot()
#14 /home/roshdy/Work/projects/DEVFLOW_PRO/vendor/laravel/framework/src/Illuminate/Container/Util.php(43): Illuminate\\Container\\BoundMethod::Illuminate\\Container\\{closure}()
#15 /home/roshdy/Work/projects/DEVFLOW_PRO/vendor/laravel/framework/src/Illuminate/Container/BoundMethod.php(96): Illuminate\\Container\\Util::unwrapIfClosure()
#16 /home/roshdy/Work/projects/DEVFLOW_PRO/vendor/laravel/framework/src/Illuminate/Container/BoundMethod.php(35): Illuminate\\Container\\BoundMethod::callBoundMethod()
#17 /home/roshdy/Work/projects/DEVFLOW_PRO/vendor/laravel/framework/src/Illuminate/Container/Container.php(836): Illuminate\\Container\\BoundMethod::call()
#18 /home/roshdy/Work/projects/DEVFLOW_PRO/vendor/laravel/framework/src/Illuminate/Foundation/Application.php(1151): Illuminate\\Container\\Container->call()
#19 /home/roshdy/Work/projects/DEVFLOW_PRO/vendor/laravel/framework/src/Illuminate/Foundation/Application.php(1132): Illuminate\\Foundation\\Application->bootProvider()
#20 [internal function]: Illuminate\\Foundation\\Application->Illuminate\\Foundation\\{closure}()
#21 /home/roshdy/Work/projects/DEVFLOW_PRO/vendor/laravel/framework/src/Illuminate/Foundation/Application.php(1131): array_walk()
#22 /home/roshdy/Work/projects/DEVFLOW_PRO/vendor/laravel/framework/src/Illuminate/Foundation/Bootstrap/BootProviders.php(17): Illuminate\\Foundation\\Application->boot()
#23 /home/roshdy/Work/projects/DEVFLOW_PRO/vendor/laravel/framework/src/Illuminate/Foundation/Application.php(342): Illuminate\\Foundation\\Bootstrap\\BootProviders->bootstrap()
#24 /home/roshdy/Work/projects/DEVFLOW_PRO/vendor/laravel/framework/src/Illuminate/Foundation/Console/Kernel.php(473): Illuminate\\Foundation\\Application->bootstrapWith()
#25 /home/roshdy/Work/projects/DEVFLOW_PRO/vendor/laravel/framework/src/Illuminate/Foundation/Console/Kernel.php(195): Illuminate\\Foundation\\Console\\Kernel->bootstrap()
#26 /home/roshdy/Work/projects/DEVFLOW_PRO/artisan(12): Illuminate\\Foundation\\Console\\Kernel->handle()
#27 {main}
"} 
[2025-11-09 14:15:39] local.ERROR: Failed to create broadcaster for connection "pusher" with error: Pusher\Pusher::__construct(): Argument #1 ($auth_key) must be of type string, null given, called in /home/roshdy/Work/projects/DEVFLOW_PRO/vendor/laravel/framework/src/Illuminate/Broadcasting/BroadcastManager.php on line 356. {"exception":"[object] (RuntimeException(code: 0): Failed to create broadcaster for connection \"pusher\" with error: Pusher\\Pusher::__construct(): Argument #1 ($auth_key) must be of type string, null given, called in /home/roshdy/Work/projects/DEVFLOW_PRO/vendor/laravel/framework/src/Illuminate/Broadcasting/BroadcastManager.php on line 356. at /home/roshdy/Work/projects/DEVFLOW_PRO/vendor/laravel/framework/src/Illuminate/Broadcasting/BroadcastManager.php:300)
[stacktrace]
#0 /home/roshdy/Work/projects/DEVFLOW_PRO/vendor/laravel/framework/src/Illuminate/Broadcasting/BroadcastManager.php(268): Illuminate\\Broadcasting\\BroadcastManager->resolve()
#1 /home/roshdy/Work/projects/DEVFLOW_PRO/vendor/laravel/framework/src/Illuminate/Broadcasting/BroadcastManager.php(257): Illuminate\\Broadcasting\\BroadcastManager->get()
#2 /home/roshdy/Work/projects/DEVFLOW_PRO/vendor/laravel/framework/src/Illuminate/Broadcasting/BroadcastManager.php(553): Illuminate\\Broadcasting\\BroadcastManager->driver()
#3 /home/roshdy/Work/projects/DEVFLOW_PRO/vendor/laravel/framework/src/Illuminate/Support/Facades/Facade.php(363): Illuminate\\Broadcasting\\BroadcastManager->__call()
#4 /home/roshdy/Work/projects/DEVFLOW_PRO/routes/channels.php(5): Illuminate\\Support\\Facades\\Facade::__callStatic()
#5 /home/roshdy/Work/projects/DEVFLOW_PRO/app/Providers/BroadcastServiceProvider.php(14): require('...')
#6 /home/roshdy/Work/projects/DEVFLOW_PRO/vendor/laravel/framework/src/Illuminate/Container/BoundMethod.php(36): App\\Providers\\BroadcastServiceProvider->boot()
#7 /home/roshdy/Work/projects/DEVFLOW_PRO/vendor/laravel/framework/src/Illuminate/Container/Util.php(43): Illuminate\\Container\\BoundMethod::Illuminate\\Container\\{closure}()
#8 /home/roshdy/Work/projects/DEVFLOW_PRO/vendor/laravel/framework/src/Illuminate/Container/BoundMethod.php(96): Illuminate\\Container\\Util::unwrapIfClosure()
#9 /home/roshdy/Work/projects/DEVFLOW_PRO/vendor/laravel/framework/src/Illuminate/Container/BoundMethod.php(35): Illuminate\\Container\\BoundMethod::callBoundMethod()
#10 /home/roshdy/Work/projects/DEVFLOW_PRO/vendor/laravel/framework/src/Illuminate/Container/Container.php(836): Illuminate\\Container\\BoundMethod::call()
#11 /home/roshdy/Work/projects/DEVFLOW_PRO/vendor/laravel/framework/src/Illuminate/Foundation/Application.php(1151): Illuminate\\Container\\Container->call()
#12 /home/roshdy/Work/projects/DEVFLOW_PRO/vendor/laravel/framework/src/Illuminate/Foundation/Application.php(1132): Illuminate\\Foundation\\Application->bootProvider()
#13 [internal function]: Illuminate\\Foundation\\Application->Illuminate\\Foundation\\{closure}()
#14 /home/roshdy/Work/projects/DEVFLOW_PRO/vendor/laravel/framework/src/Illuminate/Foundation/Application.php(1131): array_walk()
#15 /home/roshdy/Work/projects/DEVFLOW_PRO/vendor/laravel/framework/src/Illuminate/Foundation/Bootstrap/BootProviders.php(17): Illuminate\\Foundation\\Application->boot()
#16 /home/roshdy/Work/projects/DEVFLOW_PRO/vendor/laravel/framework/src/Illuminate/Foundation/Application.php(342): Illuminate\\Foundation\\Bootstrap\\BootProviders->bootstrap()
#17 /home/roshdy/Work/projects/DEVFLOW_PRO/vendor/laravel/framework/src/Illuminate/Foundation/Console/Kernel.php(473): Illuminate\\Foundation\\Application->bootstrapWith()
#18 /home/roshdy/Work/projects/DEVFLOW_PRO/vendor/laravel/framework/src/Illuminate/Foundation/Console/Kernel.php(195): Illuminate\\Foundation\\Console\\Kernel->bootstrap()
#19 /home/roshdy/Work/projects/DEVFLOW_PRO/artisan(12): Illuminate\\Foundation\\Console\\Kernel->handle()
#20 {main}

[previous exception] [object] (TypeError(code: 0): Pusher\\Pusher::__construct(): Argument #1 ($auth_key) must be of type string, null given, called in /home/roshdy/Work/projects/DEVFLOW_PRO/vendor/laravel/framework/src/Illuminate/Broadcasting/BroadcastManager.php on line 356 at /home/roshdy/Work/projects/DEVFLOW_PRO/vendor/pusher/pusher-php-server/src/Pusher.php:63)
[stacktrace]
#0 /home/roshdy/Work/projects/DEVFLOW_PRO/vendor/laravel/framework/src/Illuminate/Broadcasting/BroadcastManager.php(356): Pusher\\Pusher->__construct()
#1 /home/roshdy/Work/projects/DEVFLOW_PRO/vendor/laravel/framework/src/Illuminate/Broadcasting/BroadcastManager.php(334): Illuminate\\Broadcasting\\BroadcastManager->pusher()
#2 /home/roshdy/Work/projects/DEVFLOW_PRO/vendor/laravel/framework/src/Illuminate/Broadcasting/BroadcastManager.php(298): Illuminate\\Broadcasting\\BroadcastManager->createPusherDriver()
#3 /home/roshdy/Work/projects/DEVFLOW_PRO/vendor/laravel/framework/src/Illuminate/Broadcasting/BroadcastManager.php(268): Illuminate\\Broadcasting\\BroadcastManager->resolve()
#4 /home/roshdy/Work/projects/DEVFLOW_PRO/vendor/laravel/framework/src/Illuminate/Broadcasting/BroadcastManager.php(257): Illuminate\\Broadcasting\\BroadcastManager->get()
#5 /home/roshdy/Work/projects/DEVFLOW_PRO/vendor/laravel/framework/src/Illuminate/Broadcasting/BroadcastManager.php(553): Illuminate\\Broadcasting\\BroadcastManager->driver()
#6 /home/roshdy/Work/projects/DEVFLOW_PRO/vendor/laravel/framework/src/Illuminate/Support/Facades/Facade.php(363): Illuminate\\Broadcasting\\BroadcastManager->__call()
#7 /home/roshdy/Work/projects/DEVFLOW_PRO/routes/channels.php(5): Illuminate\\Support\\Facades\\Facade::__callStatic()
#8 /home/roshdy/Work/projects/DEVFLOW_PRO/app/Providers/BroadcastServiceProvider.php(14): require('...')
#9 /home/roshdy/Work/projects/DEVFLOW_PRO/vendor/laravel/framework/src/Illuminate/Container/BoundMethod.php(36): App\\Providers\\BroadcastServiceProvider->boot()
#10 /home/roshdy/Work/projects/DEVFLOW_PRO/vendor/laravel/framework/src/Illuminate/Container/Util.php(43): Illuminate\\Container\\BoundMethod::Illuminate\\Container\\{closure}()
#11 /home/roshdy/Work/projects/DEVFLOW_PRO/vendor/laravel/framework/src/Illuminate/Container/BoundMethod.php(96): Illuminate\\Container\\Util::unwrapIfClosure()
#12 /home/roshdy/Work/projects/DEVFLOW_PRO/vendor/laravel/framework/src/Illuminate/Container/BoundMethod.php(35): Illuminate\\Container\\BoundMethod::callBoundMethod()
#13 /home/roshdy/Work/projects/DEVFLOW_PRO/vendor/laravel/framework/src/Illuminate/Container/Container.php(836): Illuminate\\Container\\BoundMethod::call()
#14 /home/roshdy/Work/projects/DEVFLOW_PRO/vendor/laravel/framework/src/Illuminate/Foundation/Application.php(1151): Illuminate\\Container\\Container->call()
#15 /home/roshdy/Work/projects/DEVFLOW_PRO/vendor/laravel/framework/src/Illuminate/Foundation/Application.php(1132): Illuminate\\Foundation\\Application->bootProvider()
#16 [internal function]: Illuminate\\Foundation\\Application->Illuminate\\Foundation\\{closure}()
#17 /home/roshdy/Work/projects/DEVFLOW_PRO/vendor/laravel/framework/src/Illuminate/Foundation/Application.php(1131): array_walk()
#18 /home/roshdy/Work/projects/DEVFLOW_PRO/vendor/laravel/framework/src/Illuminate/Foundation/Bootstrap/BootProviders.php(17): Illuminate\\Foundation\\Application->boot()
#19 /home/roshdy/Work/projects/DEVFLOW_PRO/vendor/laravel/framework/src/Illuminate/Foundation/Application.php(342): Illuminate\\Foundation\\Bootstrap\\BootProviders->bootstrap()
#20 /home/roshdy/Work/projects/DEVFLOW_PRO/vendor/laravel/framework/src/Illuminate/Foundation/Console/Kernel.php(473): Illuminate\\Foundation\\Application->bootstrapWith()
#21 /home/roshdy/Work/projects/DEVFLOW_PRO/vendor/laravel/framework/src/Illuminate/Foundation/Console/Kernel.php(195): Illuminate\\Foundation\\Console\\Kernel->bootstrap()
#22 /home/roshdy/Work/projects/DEVFLOW_PRO/artisan(12): Illuminate\\Foundation\\Console\\Kernel->handle()
#23 {main}
"} 
